#
# There is insufficient memory for the Java Runtime Environment to continue.
# Native memory allocation (malloc) failed to allocate 1048576 bytes for AllocateHeap
# Possible reasons:
#   The system is out of physical RAM or swap space
#   In 32 bit mode, the process size limit was hit
# Possible solutions:
#   Reduce memory load on the system
#   Increase physical memory or swap space
#   Check if swap backing store is full
#   Use 64 bit Java on a 64 bit OS
#   Decrease Java heap size (-Xmx/-Xms)
#   Decrease number of Java threads
#   Decrease Java thread stack sizes (-Xss)
#   Set larger code cache with -XX:ReservedCodeCacheSize=
# This output file may be truncated or incomplete.
#
#  Out of Memory Error (memory/allocation.inline.hpp:61), pid=26100, tid=0x0000000000009138
#
# JRE version:  (8.0) (build )
# Java VM: OpenJDK 64-Bit Server VM (25.71-b00 mixed mode windows-amd64 compressed oops)
# Failed to write core dump. Minidumps are not enabled by default on client versions of Windows
#

---------------  T H R E A D  ---------------

Current thread (0x0000000002c8d800):  JavaThread "Unknown thread" [_thread_in_vm, id=37176, stack(0x0000000002ae0000,0x0000000002be0000)]

Stack: [0x0000000002ae0000,0x0000000002be0000]
[error occurred during error reporting (printing stack bounds), id 0xc0000005]

Native frames: (J=compiled Java code, j=interpreted, Vv=VM code, C=native code)


---------------  P R O C E S S  ---------------

Java Threads: ( => current thread )

Other Threads:

=>0x0000000002c8d800 (exited) JavaThread "Unknown thread" [_thread_in_vm, id=37176, stack(0x0000000002ae0000,0x0000000002be0000)]

VM state:not at safepoint (normal execution)

VM Mutex/Monitor currently owned by a thread: None

Heap:
 PSYoungGen      total 75776K, used 1300K [0x000000076bb80000, 0x0000000771000000, 0x00000007c0000000)
  eden space 65024K, 2% used [0x000000076bb80000,0x000000076bcc51f8,0x000000076fb00000)
  from space 10752K, 0% used [0x0000000770580000,0x0000000770580000,0x0000000771000000)
  to   space 10752K, 0% used [0x000000076fb00000,0x000000076fb00000,0x0000000770580000)
 ParOldGen       total 173568K, used 0K [0x00000006c3200000, 0x00000006cdb80000, 0x000000076bb80000)
  object space 173568K, 0% used [0x00000006c3200000,0x00000006c3200000,0x00000006cdb80000)
 Metaspace       used 784K, capacity 1156K, committed 1408K, reserved 1060864K
  class space    used 74K, capacity 384K, committed 384K, reserved 1048576K

Card table byte_map: [0x00000000121a0000,0x0000000012990000] byte_map_base: 0x000000000eb87000

Marking Bits: (ParMarkBitMap*) 0x000000006b6abe50
 Begin Bits: [0x00000000136e0000, 0x0000000017618000)
 End Bits:   [0x0000000017618000, 0x000000001b550000)

Polling page: 0x0000000001250000

CodeCache: size=245760Kb used=328Kb max_used=328Kb free=245431Kb
 bounds [0x0000000002de0000, 0x0000000003050000, 0x0000000011de0000]
 total_blobs=57 nmethods=0 adapters=38
 compilation: enabled

Compilation events (0 events):
No events

GC Heap History (0 events):
No events

Deoptimization events (0 events):
No events

Classes redefined (0 events):
No events

Internal exceptions (0 events):
No events

Events (10 events):
Event: 0.032 loading class java/lang/Short
Event: 0.032 loading class java/lang/Short done
Event: 0.032 loading class java/lang/Integer
Event: 0.033 loading class java/lang/Integer done
Event: 0.033 loading class java/lang/Long
Event: 0.033 loading class java/lang/Long done
Event: 0.034 loading class java/lang/NullPointerException
Event: 0.034 loading class java/lang/NullPointerException done
Event: 0.034 loading class java/lang/ArithmeticException
Event: 0.034 loading class java/lang/ArithmeticException done


Dynamic libraries:
0x00007ff6dc8c0000 - 0x00007ff6dc8f5000 	D:\Unity\2020.3.22f1\Editor\Data\PlaybackEngines\AndroidPlayer\OpenJDK\bin\java.exe
0x00007ffa80730000 - 0x00007ffa80928000 	C:\WINDOWS\SYSTEM32\ntdll.dll
0x00007ffa7e940000 - 0x00007ffa7e9fd000 	C:\WINDOWS\System32\KERNEL32.DLL
0x00007ffa7e420000 - 0x00007ffa7e6ee000 	C:\WINDOWS\System32\KERNELBASE.dll
0x00007ffa7f3b0000 - 0x00007ffa7f45e000 	C:\WINDOWS\System32\ADVAPI32.dll
0x00007ffa7f010000 - 0x00007ffa7f0ae000 	C:\WINDOWS\System32\msvcrt.dll
0x00007ffa7ee70000 - 0x00007ffa7ef0c000 	C:\WINDOWS\System32\sechost.dll
0x00007ffa7f0c0000 - 0x00007ffa7f1e5000 	C:\WINDOWS\System32\RPCRT4.dll
0x00007ffa803f0000 - 0x00007ffa80590000 	C:\WINDOWS\System32\USER32.dll
0x00007ffa7dff0000 - 0x00007ffa7e012000 	C:\WINDOWS\System32\win32u.dll
0x00007ffa7f520000 - 0x00007ffa7f54a000 	C:\WINDOWS\System32\GDI32.dll
0x00007ffa7dee0000 - 0x00007ffa7dfeb000 	C:\WINDOWS\System32\gdi32full.dll
0x00007ffa7e6f0000 - 0x00007ffa7e78d000 	C:\WINDOWS\System32\msvcp_win.dll
0x00007ffa7e2a0000 - 0x00007ffa7e3a0000 	C:\WINDOWS\System32\ucrtbase.dll
0x00007ffa68970000 - 0x00007ffa68c0a000 	C:\WINDOWS\WinSxS\amd64_microsoft.windows.common-controls_6595b64144ccf1df_6.0.19041.1110_none_60b5254171f9507e\COMCTL32.dll
0x00007ffa7f1f0000 - 0x00007ffa7f220000 	C:\WINDOWS\System32\IMM32.DLL
0x000000006b730000 - 0x000000006b802000 	D:\Unity\2020.3.22f1\Editor\Data\PlaybackEngines\AndroidPlayer\OpenJDK\jre\bin\msvcr100.dll
0x000000006aee0000 - 0x000000006b729000 	D:\Unity\2020.3.22f1\Editor\Data\PlaybackEngines\AndroidPlayer\OpenJDK\jre\bin\server\jvm.dll
0x00007ffa7f000000 - 0x00007ffa7f008000 	C:\WINDOWS\System32\PSAPI.DLL
0x00007ffa78140000 - 0x00007ffa78149000 	C:\WINDOWS\SYSTEM32\WSOCK32.dll
0x00007ffa75da0000 - 0x00007ffa75daa000 	C:\WINDOWS\SYSTEM32\VERSION.dll
0x00007ffa62690000 - 0x00007ffa626b7000 	C:\WINDOWS\SYSTEM32\WINMM.dll
0x00007ffa7fab0000 - 0x00007ffa7fb1b000 	C:\WINDOWS\System32\WS2_32.dll
0x00007ffa77990000 - 0x00007ffa7799f000 	D:\Unity\2020.3.22f1\Editor\Data\PlaybackEngines\AndroidPlayer\OpenJDK\jre\bin\verify.dll
0x00007ffa77960000 - 0x00007ffa77989000 	D:\Unity\2020.3.22f1\Editor\Data\PlaybackEngines\AndroidPlayer\OpenJDK\jre\bin\java.dll
0x00007ffa778e0000 - 0x00007ffa778f6000 	D:\Unity\2020.3.22f1\Editor\Data\PlaybackEngines\AndroidPlayer\OpenJDK\jre\bin\zip.dll

VM Arguments:
java_command: <unknown>
java_class_path (initial): .
Launcher Type: SUN_STANDARD

Environment Variables:
JAVA_HOME=D:/Unity/2020.3.22f1/Editor/Data/PlaybackEngines/AndroidPlayer\OpenJDK
PATH=C:\ProgramData\Oracle\Java\javapath;C:\Program Files (x86)\Common Files\Intel\Shared Libraries\redist\intel64\compiler;C:\WINDOWS\system32;C:\WINDOWS;C:\WINDOWS\System32\Wbem;C:\WINDOWS\System32\WindowsPowerShell\v1.0\;C:\WINDOWS\System32\OpenSSH\;C:\Program Files\NVIDIA Corporation\NVIDIA NvDLISR;C:\Program Files\Microsoft SQL Server\150\Tools\Binn\;C:\Program Files\Microsoft SQL Server\Client SDK\ODBC\170\Tools\Binn\;C:\Program Files\dotnet\;C:\Program Files (x86)\NVIDIA Corporation\PhysX\Common;C:\ProgramData\chocolatey\bin;C:\Users\Veniamin\AppData\Local\Microsoft\WindowsApps;C:\Users\Veniamin\.dotnet\tools;C:\Users\Veniamin\AppData\Local\GitHubDesktop\bin;C:\Program Files\OpenSSL-Win64\bin;D:\Unity\2020.3.22f1\Editor\Data\PlaybackEngines\AndroidPlayer\OpenJDK\bin;
USERNAME=Veniamin
OS=Windows_NT
PROCESSOR_IDENTIFIER=Intel64 Family 6 Model 158 Stepping 10, GenuineIntel



---------------  S Y S T E M  ---------------

OS: Windows 10.0 , 64 bit Build 19041 (10.0.19041.1889)

CPU:total 8 (initial active 8) (4 cores per cpu, 2 threads per core) family 6 model 158 stepping 10, cmov, cx8, fxsr, mmx, sse, sse2, sse3, ssse3, sse4.1, sse4.2, popcnt, avx, avx2, aes, clmul, erms, 3dnowpref, lzcnt, ht, tsc, tscinvbit, bmi1, bmi2, adx

Memory: 4k page, physical 16567068k(1532708k free), swap 32040972k(12908k free)

vm_info: OpenJDK 64-Bit Server VM (25.71-b00) for windows-amd64 JRE (1.8.0-adoptopenjdk-_2018_05_19_00_59-b00), built on May 19 2018 01:02:12 by "jenkins" with MS VC++ 10.0 (VS2010)

time: Thu Sep 08 13:41:34 2022
elapsed time: 0 seconds (0d 0h 0m 0s)

